<?xml version="1.0" encoding="UTF-8"?>
<!-- Generated by org.testng.reporters.JUnitReportReporter -->
<testsuite skipped="0" hostname="victorias-MacBook-Pro-3.local" name="core.AddTest" tests="3" failures="0" timestamp="20 May 2018 04:36:42 GMT" time="0.014" errors="0">
  <testcase name="add_test_2_param" time="0.013" classname="core.AddTest"/>
  <testcase name="add_test_4_param" time="0.000" classname="core.AddTest"/>
  <testcase name="add_test_3_param" time="0.001" classname="core.AddTest"/>
</testsuite> <!-- core.AddTest -->
