<?xml version="1.0" encoding="UTF-8"?>
<!-- Generated by org.testng.reporters.JUnitReportReporter -->
<testsuite skipped="0" hostname="victorias-MacBook-Pro-3.local" name="core.MultiplyTest" tests="3" failures="0" timestamp="20 May 2018 04:48:37 GMT" time="0.015" errors="0">
  <testcase name="multiply_test_2_param" time="0.012" classname="core.MultiplyTest"/>
  <testcase name="multiply_test_4_param" time="0.001" classname="core.MultiplyTest"/>
  <testcase name="multiply_test_3_param" time="0.002" classname="core.MultiplyTest"/>
</testsuite> <!-- core.MultiplyTest -->
